# Logfile created on 2014-03-12 11:53:26 -0700 by logger.rb/44203
I, [2014-03-12T11:53:26.433937 #31070]  INFO -- : *** Below you'll find the most recent exception thrown, this will likely (but not certainly) be the exception that made your application exit abnormally ***
E, [2014-03-12T11:53:26.433981 #31070] ERROR -- : undefined method `Logger' for DaemonKit:Module (NoMethodError)
/Users/jasonkriss/Developer/hybrid_projects/daemon-example/libexec/daemon-example-daemon.rb:5:in `<top (required)>'
/Users/jasonkriss/.rvm/gems/ruby-2.1.1/gems/daemon-kit-0.2.3/lib/daemon_kit/application.rb:38:in `require'
/Users/jasonkriss/.rvm/gems/ruby-2.1.1/gems/daemon-kit-0.2.3/lib/daemon_kit/application.rb:38:in `run'
/Users/jasonkriss/.rvm/gems/ruby-2.1.1/gems/daemon-kit-0.2.3/lib/daemon_kit/application.rb:21:in `exec'
bin/daemon-example:8:in `<main>'
I, [2014-03-12T11:53:26.434052 #31070]  INFO -- : *** Below you'll find all the exception objects in memory, some of them may have been thrown in your application, others may just be in memory because they are standard exceptions ***
E, [2014-03-12T11:53:26.436985 #31070] ERROR -- : stream closed (IOError)

E, [2014-03-12T11:53:26.437151 #31070] ERROR -- : failed to allocate memory (NoMemoryError)

E, [2014-03-12T11:53:26.437198 #31070] ERROR -- : stack level too deep (SystemStackError)

E, [2014-03-12T11:53:26.437347 #31070] ERROR -- : exception reentered (fatal)

E, [2014-03-12T11:53:26.440064 #31070] ERROR -- : Value will be available once the pipeline executes. (Redis::FutureNotReady)

E, [2014-03-12T11:53:26.441787 #31070] ERROR -- : No such file or directory @ rb_sysopen - /Users/jasonkriss/Developer/hybrid_projects/daemon-example/log/backtrace-20140312115326-31070.log (Errno::ENOENT)
/Users/jasonkriss/.rvm/rubies/ruby-2.1.1/lib/ruby/2.1.0/logger.rb:592:in `initialize'
/Users/jasonkriss/.rvm/rubies/ruby-2.1.1/lib/ruby/2.1.0/logger.rb:592:in `open'
/Users/jasonkriss/.rvm/rubies/ruby-2.1.1/lib/ruby/2.1.0/logger.rb:592:in `open_logfile'
/Users/jasonkriss/.rvm/rubies/ruby-2.1.1/lib/ruby/2.1.0/logger.rb:549:in `initialize'
/Users/jasonkriss/.rvm/rubies/ruby-2.1.1/lib/ruby/2.1.0/logger.rb:318:in `new'
/Users/jasonkriss/.rvm/rubies/ruby-2.1.1/lib/ruby/2.1.0/logger.rb:318:in `initialize'
/Users/jasonkriss/.rvm/gems/ruby-2.1.1/gems/safely-0.3.2/lib/safely/backtrace.rb:24:in `new'
/Users/jasonkriss/.rvm/gems/ruby-2.1.1/gems/safely-0.3.2/lib/safely/backtrace.rb:24:in `log_exceptions'
/Users/jasonkriss/.rvm/gems/ruby-2.1.1/gems/safely-0.3.2/lib/safely/backtrace.rb:10:in `block in enable!'
E, [2014-03-12T11:53:26.441844 #31070] ERROR -- : undefined method `Logger' for DaemonKit:Module (NoMethodError)
/Users/jasonkriss/Developer/hybrid_projects/daemon-example/libexec/daemon-example-daemon.rb:5:in `<top (required)>'
/Users/jasonkriss/.rvm/gems/ruby-2.1.1/gems/daemon-kit-0.2.3/lib/daemon_kit/application.rb:38:in `require'
/Users/jasonkriss/.rvm/gems/ruby-2.1.1/gems/daemon-kit-0.2.3/lib/daemon_kit/application.rb:38:in `run'
/Users/jasonkriss/.rvm/gems/ruby-2.1.1/gems/daemon-kit-0.2.3/lib/daemon_kit/application.rb:21:in `exec'
bin/daemon-example:8:in `<main>'
